2024-06-05 22:46:17,173 INFO o.a.j.u.JMeterUtils: Setting Locale to en_EN
2024-06-05 22:46:17,185 INFO o.a.j.JMeter: Loading user properties from: /opt/jmeter/bin/user.properties
2024-06-05 22:46:17,185 INFO o.a.j.JMeter: Loading system properties from: /opt/jmeter/bin/system.properties
2024-06-05 22:46:17,188 INFO o.a.j.JMeter: Copyright (c) 1998-2023 The Apache Software Foundation
2024-06-05 22:46:17,188 INFO o.a.j.JMeter: Version 5.6.2
2024-06-05 22:46:17,188 INFO o.a.j.JMeter: java.version=22.0.1
2024-06-05 22:46:17,188 INFO o.a.j.JMeter: java.vm.name=OpenJDK 64-Bit Server VM
2024-06-05 22:46:17,188 INFO o.a.j.JMeter: os.name=Linux
2024-06-05 22:46:17,188 INFO o.a.j.JMeter: os.arch=amd64
2024-06-05 22:46:17,188 INFO o.a.j.JMeter: os.version=6.6.32-1-lts
2024-06-05 22:46:17,188 INFO o.a.j.JMeter: file.encoding=UTF-8
2024-06-05 22:46:17,188 INFO o.a.j.JMeter: java.awt.headless=true
2024-06-05 22:46:17,188 INFO o.a.j.JMeter: Max memory     =1073741824
2024-06-05 22:46:17,188 INFO o.a.j.JMeter: Available Processors =16
2024-06-05 22:46:17,193 INFO o.a.j.JMeter: Default Locale=English (EN)
2024-06-05 22:46:17,194 INFO o.a.j.JMeter: JMeter  Locale=English (EN)
2024-06-05 22:46:17,194 INFO o.a.j.JMeter: JMeterHome=/opt/jmeter
2024-06-05 22:46:17,194 INFO o.a.j.JMeter: user.dir  =/home/benjamin/Notes/Studies/IN2/IPSENH/oplevering/onderzoek/her/src
2024-06-05 22:46:17,194 INFO o.a.j.JMeter: PWD       =/home/benjamin/Notes/Studies/IN2/IPSENH/oplevering/onderzoek/her/src
2024-06-05 22:46:17,194 INFO o.a.j.JMeter: IP: 192.168.2.6 Name: envy FullName: envy
2024-06-05 22:46:17,201 INFO o.a.j.s.FileServer: Default base='/home/benjamin/Notes/Studies/IN2/IPSENH/oplevering/onderzoek/her/src'
2024-06-05 22:46:17,202 INFO o.a.j.s.FileServer: Set new base='/home/benjamin/Notes/Studies/IN2/IPSENH/oplevering/onderzoek/her/src'
2024-06-05 22:46:17,309 INFO o.a.j.s.SaveService: Testplan (JMX) version: 2.2. Testlog (JTL) version: 2.2
2024-06-05 22:46:17,328 INFO o.a.j.s.SaveService: Using SaveService properties version 5.0
2024-06-05 22:46:17,330 INFO o.a.j.s.SaveService: Using SaveService properties file encoding UTF-8
2024-06-05 22:46:17,332 INFO o.a.j.s.SaveService: Loading file: test_plan.jmx
2024-06-05 22:46:17,360 INFO o.a.j.p.h.s.HTTPSamplerBase: Parser for text/html is org.apache.jmeter.protocol.http.parser.LagartoBasedHtmlParser
2024-06-05 22:46:17,360 INFO o.a.j.p.h.s.HTTPSamplerBase: Parser for application/xhtml+xml is org.apache.jmeter.protocol.http.parser.LagartoBasedHtmlParser
2024-06-05 22:46:17,360 INFO o.a.j.p.h.s.HTTPSamplerBase: Parser for application/xml is org.apache.jmeter.protocol.http.parser.LagartoBasedHtmlParser
2024-06-05 22:46:17,360 INFO o.a.j.p.h.s.HTTPSamplerBase: Parser for text/xml is org.apache.jmeter.protocol.http.parser.LagartoBasedHtmlParser
2024-06-05 22:46:17,360 INFO o.a.j.p.h.s.HTTPSamplerBase: Parser for text/vnd.wap.wml is org.apache.jmeter.protocol.http.parser.RegexpHTMLParser
2024-06-05 22:46:17,361 INFO o.a.j.p.h.s.HTTPSamplerBase: Parser for text/css is org.apache.jmeter.protocol.http.parser.CssParser
2024-06-05 22:46:17,365 INFO o.a.j.JMeter: Creating summariser <summary>
2024-06-05 22:46:17,376 INFO o.a.j.e.StandardJMeterEngine: Running the test!
2024-06-05 22:46:17,377 INFO o.a.j.s.SampleEvent: List of sample_variables: []
2024-06-05 22:46:17,377 INFO o.a.j.s.SampleEvent: List of sample_variables: []
2024-06-05 22:46:17,379 INFO o.a.j.e.u.CompoundVariable: Note: Function class names must contain the string: '.functions.'
2024-06-05 22:46:17,379 INFO o.a.j.e.u.CompoundVariable: Note: Function class names must not contain the string: '.gui.'
2024-06-05 22:46:17,418 INFO o.a.j.JMeter: Running test (1717620377418)
2024-06-05 22:46:17,433 INFO o.a.j.e.StandardJMeterEngine: Starting ThreadGroup: 1 : Thread Group
2024-06-05 22:46:17,433 INFO o.a.j.e.StandardJMeterEngine: Starting 100 threads for group Thread Group.
2024-06-05 22:46:17,434 INFO o.a.j.e.StandardJMeterEngine: Thread will continue on error
2024-06-05 22:46:17,434 INFO o.a.j.t.ThreadGroup: Starting thread group... number=1 threads=100 ramp-up=1 delayedStart=false
2024-06-05 22:46:17,438 INFO o.a.j.t.JMeterThread: Thread started: Thread Group 1-1
2024-06-05 22:46:17,446 INFO o.a.j.t.JMeterThread: Thread started: Thread Group 1-2
2024-06-05 22:46:17,453 INFO o.a.j.p.h.s.HTTPHCAbstractImpl: Local host = envy
2024-06-05 22:46:17,454 INFO o.a.j.t.ThreadGroup: Started thread group number 1
2024-06-05 22:46:17,454 INFO o.a.j.e.StandardJMeterEngine: All thread groups have been started
2024-06-05 22:46:17,456 INFO o.a.j.t.JMeterThread: Thread started: Thread Group 1-3
2024-06-05 22:46:17,456 INFO o.a.j.p.h.s.HTTPHC4Impl: HTTP request retry count = 0
2024-06-05 22:46:17,457 INFO o.a.j.s.SampleResult: Note: Sample TimeStamps are START times
2024-06-05 22:46:17,457 INFO o.a.j.s.SampleResult: sampleresult.default.encoding is set to UTF-8
2024-06-05 22:46:17,457 INFO o.a.j.s.SampleResult: sampleresult.useNanoTime=true
2024-06-05 22:46:17,457 INFO o.a.j.s.SampleResult: sampleresult.nanoThreadSleep=5000
2024-06-05 22:46:17,465 INFO o.a.j.t.JMeterThread: Thread started: Thread Group 1-4
2024-06-05 22:46:17,475 INFO o.a.j.t.JMeterThread: Thread started: Thread Group 1-5
2024-06-05 22:46:17,485 INFO o.a.j.t.JMeterThread: Thread started: Thread Group 1-6
2024-06-05 22:46:17,495 INFO o.a.j.t.JMeterThread: Thread started: Thread Group 1-7
2024-06-05 22:46:17,505 INFO o.a.j.t.JMeterThread: Thread started: Thread Group 1-8
2024-06-05 22:46:17,514 INFO o.a.j.t.JMeterThread: Thread started: Thread Group 1-9
2024-06-05 22:46:17,525 INFO o.a.j.t.JMeterThread: Thread started: Thread Group 1-10
2024-06-05 22:46:17,535 INFO o.a.j.t.JMeterThread: Thread started: Thread Group 1-11
2024-06-05 22:46:17,545 INFO o.a.j.t.JMeterThread: Thread started: Thread Group 1-12
2024-06-05 22:46:17,555 INFO o.a.j.t.JMeterThread: Thread started: Thread Group 1-13
2024-06-05 22:46:17,565 INFO o.a.j.t.JMeterThread: Thread started: Thread Group 1-14
2024-06-05 22:46:17,574 INFO o.a.j.t.JMeterThread: Thread started: Thread Group 1-15
2024-06-05 22:46:17,585 INFO o.a.j.t.JMeterThread: Thread started: Thread Group 1-16
2024-06-05 22:46:17,595 INFO o.a.j.t.JMeterThread: Thread started: Thread Group 1-17
2024-06-05 22:46:17,605 INFO o.a.j.t.JMeterThread: Thread started: Thread Group 1-18
2024-06-05 22:46:17,615 INFO o.a.j.t.JMeterThread: Thread started: Thread Group 1-19
2024-06-05 22:46:17,624 INFO o.a.j.t.JMeterThread: Thread started: Thread Group 1-20
2024-06-05 22:46:17,634 INFO o.a.j.t.JMeterThread: Thread started: Thread Group 1-21
2024-06-05 22:46:17,644 INFO o.a.j.t.JMeterThread: Thread started: Thread Group 1-22
2024-06-05 22:46:17,654 INFO o.a.j.t.JMeterThread: Thread started: Thread Group 1-23
2024-06-05 22:46:17,665 INFO o.a.j.t.JMeterThread: Thread started: Thread Group 1-24
2024-06-05 22:46:17,672 INFO o.a.j.t.JMeterThread: Thread is done: Thread Group 1-9
2024-06-05 22:46:17,672 INFO o.a.j.t.JMeterThread: Thread is done: Thread Group 1-7
2024-06-05 22:46:17,672 INFO o.a.j.t.JMeterThread: Thread is done: Thread Group 1-1
2024-06-05 22:46:17,672 INFO o.a.j.t.JMeterThread: Thread is done: Thread Group 1-8
2024-06-05 22:46:17,672 INFO o.a.j.t.JMeterThread: Thread finished: Thread Group 1-9
2024-06-05 22:46:17,672 INFO o.a.j.t.JMeterThread: Thread finished: Thread Group 1-1
2024-06-05 22:46:17,672 INFO o.a.j.t.JMeterThread: Thread finished: Thread Group 1-7
2024-06-05 22:46:17,672 INFO o.a.j.t.JMeterThread: Thread finished: Thread Group 1-8
2024-06-05 22:46:17,675 INFO o.a.j.t.JMeterThread: Thread started: Thread Group 1-25
2024-06-05 22:46:17,675 INFO o.a.j.t.JMeterThread: Thread is done: Thread Group 1-2
2024-06-05 22:46:17,675 INFO o.a.j.t.JMeterThread: Thread finished: Thread Group 1-2
2024-06-05 22:46:17,677 INFO o.a.j.t.JMeterThread: Thread is done: Thread Group 1-4
2024-06-05 22:46:17,677 INFO o.a.j.t.JMeterThread: Thread finished: Thread Group 1-4
2024-06-05 22:46:17,685 INFO o.a.j.t.JMeterThread: Thread started: Thread Group 1-26
2024-06-05 22:46:17,687 INFO o.a.j.t.JMeterThread: Thread is done: Thread Group 1-5
2024-06-05 22:46:17,687 INFO o.a.j.t.JMeterThread: Thread finished: Thread Group 1-5
2024-06-05 22:46:17,688 INFO o.a.j.t.JMeterThread: Thread is done: Thread Group 1-3
2024-06-05 22:46:17,688 INFO o.a.j.t.JMeterThread: Thread finished: Thread Group 1-3
2024-06-05 22:46:17,688 INFO o.a.j.t.JMeterThread: Thread is done: Thread Group 1-6
2024-06-05 22:46:17,688 INFO o.a.j.t.JMeterThread: Thread finished: Thread Group 1-6
2024-06-05 22:46:17,694 INFO o.a.j.t.JMeterThread: Thread started: Thread Group 1-27
2024-06-05 22:46:17,702 INFO o.a.j.t.JMeterThread: Thread is done: Thread Group 1-10
2024-06-05 22:46:17,702 INFO o.a.j.t.JMeterThread: Thread finished: Thread Group 1-10
2024-06-05 22:46:17,704 INFO o.a.j.t.JMeterThread: Thread started: Thread Group 1-28
2024-06-05 22:46:17,712 INFO o.a.j.t.JMeterThread: Thread is done: Thread Group 1-11
2024-06-05 22:46:17,712 INFO o.a.j.t.JMeterThread: Thread finished: Thread Group 1-11
2024-06-05 22:46:17,714 INFO o.a.j.t.JMeterThread: Thread started: Thread Group 1-29
2024-06-05 22:46:17,722 INFO o.a.j.t.JMeterThread: Thread is done: Thread Group 1-12
2024-06-05 22:46:17,722 INFO o.a.j.t.JMeterThread: Thread finished: Thread Group 1-12
2024-06-05 22:46:17,724 INFO o.a.j.t.JMeterThread: Thread started: Thread Group 1-30
2024-06-05 22:46:17,732 INFO o.a.j.t.JMeterThread: Thread is done: Thread Group 1-13
2024-06-05 22:46:17,732 INFO o.a.j.t.JMeterThread: Thread finished: Thread Group 1-13
2024-06-05 22:46:17,734 INFO o.a.j.t.JMeterThread: Thread started: Thread Group 1-31
2024-06-05 22:46:17,737 INFO o.a.j.t.JMeterThread: Thread is done: Thread Group 1-15
2024-06-05 22:46:17,737 INFO o.a.j.t.JMeterThread: Thread finished: Thread Group 1-15
2024-06-05 22:46:17,742 INFO o.a.j.t.JMeterThread: Thread is done: Thread Group 1-14
2024-06-05 22:46:17,742 INFO o.a.j.t.JMeterThread: Thread finished: Thread Group 1-14
2024-06-05 22:46:17,744 INFO o.a.j.t.JMeterThread: Thread started: Thread Group 1-32
2024-06-05 22:46:17,752 INFO o.a.j.t.JMeterThread: Thread is done: Thread Group 1-16
2024-06-05 22:46:17,752 INFO o.a.j.t.JMeterThread: Thread finished: Thread Group 1-16
2024-06-05 22:46:17,755 INFO o.a.j.t.JMeterThread: Thread started: Thread Group 1-33
2024-06-05 22:46:17,765 INFO o.a.j.t.JMeterThread: Thread started: Thread Group 1-34
2024-06-05 22:46:17,767 INFO o.a.j.t.JMeterThread: Thread is done: Thread Group 1-17
2024-06-05 22:46:17,767 INFO o.a.j.t.JMeterThread: Thread finished: Thread Group 1-17
2024-06-05 22:46:17,775 INFO o.a.j.t.JMeterThread: Thread started: Thread Group 1-35
2024-06-05 22:46:17,779 INFO o.a.j.t.JMeterThread: Thread is done: Thread Group 1-19
2024-06-05 22:46:17,779 INFO o.a.j.t.JMeterThread: Thread finished: Thread Group 1-19
2024-06-05 22:46:17,781 INFO o.a.j.t.JMeterThread: Thread is done: Thread Group 1-18
2024-06-05 22:46:17,781 INFO o.a.j.t.JMeterThread: Thread finished: Thread Group 1-18
2024-06-05 22:46:17,784 INFO o.a.j.t.JMeterThread: Thread started: Thread Group 1-36
2024-06-05 22:46:17,790 INFO o.a.j.t.JMeterThread: Thread is done: Thread Group 1-20
2024-06-05 22:46:17,790 INFO o.a.j.t.JMeterThread: Thread finished: Thread Group 1-20
2024-06-05 22:46:17,795 INFO o.a.j.t.JMeterThread: Thread started: Thread Group 1-37
2024-06-05 22:46:17,805 INFO o.a.j.t.JMeterThread: Thread started: Thread Group 1-38
2024-06-05 22:46:17,815 INFO o.a.j.t.JMeterThread: Thread started: Thread Group 1-39
2024-06-05 22:46:17,816 INFO o.a.j.t.JMeterThread: Thread is done: Thread Group 1-21
2024-06-05 22:46:17,816 INFO o.a.j.t.JMeterThread: Thread finished: Thread Group 1-21
2024-06-05 22:46:17,818 INFO o.a.j.t.JMeterThread: Thread is done: Thread Group 1-22
2024-06-05 22:46:17,818 INFO o.a.j.t.JMeterThread: Thread finished: Thread Group 1-22
2024-06-05 22:46:17,819 INFO o.a.j.t.JMeterThread: Thread is done: Thread Group 1-23
2024-06-05 22:46:17,819 INFO o.a.j.t.JMeterThread: Thread finished: Thread Group 1-23
2024-06-05 22:46:17,825 INFO o.a.j.t.JMeterThread: Thread started: Thread Group 1-40
2024-06-05 22:46:17,834 INFO o.a.j.t.JMeterThread: Thread started: Thread Group 1-41
2024-06-05 22:46:17,843 INFO o.a.j.t.JMeterThread: Thread is done: Thread Group 1-24
2024-06-05 22:46:17,843 INFO o.a.j.t.JMeterThread: Thread finished: Thread Group 1-24
2024-06-05 22:46:17,845 INFO o.a.j.t.JMeterThread: Thread started: Thread Group 1-42
2024-06-05 22:46:17,852 INFO o.a.j.t.JMeterThread: Thread is done: Thread Group 1-25
2024-06-05 22:46:17,852 INFO o.a.j.t.JMeterThread: Thread finished: Thread Group 1-25
2024-06-05 22:46:17,855 INFO o.a.j.t.JMeterThread: Thread started: Thread Group 1-43
2024-06-05 22:46:17,861 INFO o.a.j.t.JMeterThread: Thread is done: Thread Group 1-26
2024-06-05 22:46:17,861 INFO o.a.j.t.JMeterThread: Thread finished: Thread Group 1-26
2024-06-05 22:46:17,865 INFO o.a.j.t.JMeterThread: Thread started: Thread Group 1-44
2024-06-05 22:46:17,869 INFO o.a.j.t.JMeterThread: Thread is done: Thread Group 1-27
2024-06-05 22:46:17,869 INFO o.a.j.t.JMeterThread: Thread finished: Thread Group 1-27
2024-06-05 22:46:17,874 INFO o.a.j.t.JMeterThread: Thread started: Thread Group 1-45
2024-06-05 22:46:17,877 INFO o.a.j.t.JMeterThread: Thread is done: Thread Group 1-30
2024-06-05 22:46:17,877 INFO o.a.j.t.JMeterThread: Thread finished: Thread Group 1-30
2024-06-05 22:46:17,879 INFO o.a.j.t.JMeterThread: Thread is done: Thread Group 1-29
2024-06-05 22:46:17,879 INFO o.a.j.t.JMeterThread: Thread finished: Thread Group 1-29
2024-06-05 22:46:17,881 INFO o.a.j.t.JMeterThread: Thread is done: Thread Group 1-28
2024-06-05 22:46:17,881 INFO o.a.j.t.JMeterThread: Thread finished: Thread Group 1-28
2024-06-05 22:46:17,885 INFO o.a.j.t.JMeterThread: Thread started: Thread Group 1-46
2024-06-05 22:46:17,895 INFO o.a.j.t.JMeterThread: Thread started: Thread Group 1-47
2024-06-05 22:46:17,895 INFO o.a.j.t.JMeterThread: Thread is done: Thread Group 1-31
2024-06-05 22:46:17,896 INFO o.a.j.t.JMeterThread: Thread finished: Thread Group 1-31
2024-06-05 22:46:17,905 INFO o.a.j.t.JMeterThread: Thread started: Thread Group 1-48
2024-06-05 22:46:17,914 INFO o.a.j.t.JMeterThread: Thread started: Thread Group 1-49
2024-06-05 22:46:17,920 INFO o.a.j.t.JMeterThread: Thread is done: Thread Group 1-33
2024-06-05 22:46:17,920 INFO o.a.j.t.JMeterThread: Thread is done: Thread Group 1-32
2024-06-05 22:46:17,921 INFO o.a.j.t.JMeterThread: Thread finished: Thread Group 1-33
2024-06-05 22:46:17,921 INFO o.a.j.t.JMeterThread: Thread finished: Thread Group 1-32
2024-06-05 22:46:17,925 INFO o.a.j.t.JMeterThread: Thread started: Thread Group 1-50
2024-06-05 22:46:17,935 INFO o.a.j.t.JMeterThread: Thread started: Thread Group 1-51
2024-06-05 22:46:17,943 INFO o.a.j.t.JMeterThread: Thread is done: Thread Group 1-34
2024-06-05 22:46:17,943 INFO o.a.j.t.JMeterThread: Thread finished: Thread Group 1-34
2024-06-05 22:46:17,944 INFO o.a.j.t.JMeterThread: Thread started: Thread Group 1-52
2024-06-05 22:46:17,946 INFO o.a.j.t.JMeterThread: Thread is done: Thread Group 1-35
2024-06-05 22:46:17,947 INFO o.a.j.t.JMeterThread: Thread finished: Thread Group 1-35
2024-06-05 22:46:17,954 INFO o.a.j.t.JMeterThread: Thread started: Thread Group 1-53
2024-06-05 22:46:17,961 INFO o.a.j.t.JMeterThread: Thread is done: Thread Group 1-37
2024-06-05 22:46:17,961 INFO o.a.j.t.JMeterThread: Thread finished: Thread Group 1-37
2024-06-05 22:46:17,961 INFO o.a.j.t.JMeterThread: Thread is done: Thread Group 1-36
2024-06-05 22:46:17,961 INFO o.a.j.t.JMeterThread: Thread finished: Thread Group 1-36
2024-06-05 22:46:17,965 INFO o.a.j.t.JMeterThread: Thread started: Thread Group 1-54
2024-06-05 22:46:17,969 INFO o.a.j.t.JMeterThread: Thread is done: Thread Group 1-38
2024-06-05 22:46:17,969 INFO o.a.j.t.JMeterThread: Thread finished: Thread Group 1-38
2024-06-05 22:46:17,975 INFO o.a.j.t.JMeterThread: Thread started: Thread Group 1-55
2024-06-05 22:46:17,980 INFO o.a.j.t.JMeterThread: Thread is done: Thread Group 1-39
2024-06-05 22:46:17,981 INFO o.a.j.t.JMeterThread: Thread finished: Thread Group 1-39
2024-06-05 22:46:17,984 INFO o.a.j.t.JMeterThread: Thread started: Thread Group 1-56
2024-06-05 22:46:17,991 INFO o.a.j.t.JMeterThread: Thread is done: Thread Group 1-40
2024-06-05 22:46:17,992 INFO o.a.j.t.JMeterThread: Thread finished: Thread Group 1-40
2024-06-05 22:46:17,994 INFO o.a.j.t.JMeterThread: Thread started: Thread Group 1-57
2024-06-05 22:46:18,004 INFO o.a.j.t.JMeterThread: Thread started: Thread Group 1-58
2024-06-05 22:46:18,006 INFO o.a.j.t.JMeterThread: Thread is done: Thread Group 1-41
2024-06-05 22:46:18,006 INFO o.a.j.t.JMeterThread: Thread finished: Thread Group 1-41
2024-06-05 22:46:18,015 INFO o.a.j.t.JMeterThread: Thread started: Thread Group 1-59
2024-06-05 22:46:18,021 INFO o.a.j.t.JMeterThread: Thread is done: Thread Group 1-42
2024-06-05 22:46:18,021 INFO o.a.j.t.JMeterThread: Thread finished: Thread Group 1-42
2024-06-05 22:46:18,024 INFO o.a.j.t.JMeterThread: Thread started: Thread Group 1-60
2024-06-05 22:46:18,029 INFO o.a.j.t.JMeterThread: Thread is done: Thread Group 1-43
2024-06-05 22:46:18,029 INFO o.a.j.t.JMeterThread: Thread finished: Thread Group 1-43
2024-06-05 22:46:18,035 INFO o.a.j.t.JMeterThread: Thread started: Thread Group 1-61
2024-06-05 22:46:18,037 INFO o.a.j.t.JMeterThread: Thread is done: Thread Group 1-44
2024-06-05 22:46:18,037 INFO o.a.j.t.JMeterThread: Thread finished: Thread Group 1-44
2024-06-05 22:46:18,045 INFO o.a.j.t.JMeterThread: Thread started: Thread Group 1-62
2024-06-05 22:46:18,047 INFO o.a.j.t.JMeterThread: Thread is done: Thread Group 1-45
2024-06-05 22:46:18,047 INFO o.a.j.t.JMeterThread: Thread finished: Thread Group 1-45
2024-06-05 22:46:18,054 INFO o.a.j.t.JMeterThread: Thread started: Thread Group 1-63
2024-06-05 22:46:18,058 INFO o.a.j.t.JMeterThread: Thread is done: Thread Group 1-46
2024-06-05 22:46:18,058 INFO o.a.j.t.JMeterThread: Thread finished: Thread Group 1-46
2024-06-05 22:46:18,064 INFO o.a.j.t.JMeterThread: Thread started: Thread Group 1-64
2024-06-05 22:46:18,071 INFO o.a.j.t.JMeterThread: Thread is done: Thread Group 1-47
2024-06-05 22:46:18,071 INFO o.a.j.t.JMeterThread: Thread finished: Thread Group 1-47
2024-06-05 22:46:18,074 INFO o.a.j.t.JMeterThread: Thread started: Thread Group 1-65
2024-06-05 22:46:18,082 INFO o.a.j.t.JMeterThread: Thread is done: Thread Group 1-48
2024-06-05 22:46:18,082 INFO o.a.j.t.JMeterThread: Thread finished: Thread Group 1-48
2024-06-05 22:46:18,084 INFO o.a.j.t.JMeterThread: Thread started: Thread Group 1-66
2024-06-05 22:46:18,085 INFO o.a.j.t.JMeterThread: Thread is done: Thread Group 1-49
2024-06-05 22:46:18,085 INFO o.a.j.t.JMeterThread: Thread finished: Thread Group 1-49
2024-06-05 22:46:18,094 INFO o.a.j.t.JMeterThread: Thread started: Thread Group 1-67
2024-06-05 22:46:18,100 INFO o.a.j.t.JMeterThread: Thread is done: Thread Group 1-50
2024-06-05 22:46:18,100 INFO o.a.j.t.JMeterThread: Thread finished: Thread Group 1-50
2024-06-05 22:46:18,104 INFO o.a.j.t.JMeterThread: Thread started: Thread Group 1-68
2024-06-05 22:46:18,111 INFO o.a.j.t.JMeterThread: Thread is done: Thread Group 1-51
2024-06-05 22:46:18,111 INFO o.a.j.t.JMeterThread: Thread finished: Thread Group 1-51
2024-06-05 22:46:18,114 INFO o.a.j.t.JMeterThread: Thread started: Thread Group 1-69
2024-06-05 22:46:18,120 INFO o.a.j.t.JMeterThread: Thread is done: Thread Group 1-52
2024-06-05 22:46:18,120 INFO o.a.j.t.JMeterThread: Thread finished: Thread Group 1-52
2024-06-05 22:46:18,125 INFO o.a.j.t.JMeterThread: Thread started: Thread Group 1-70
2024-06-05 22:46:18,132 INFO o.a.j.t.JMeterThread: Thread is done: Thread Group 1-53
2024-06-05 22:46:18,132 INFO o.a.j.t.JMeterThread: Thread finished: Thread Group 1-53
2024-06-05 22:46:18,135 INFO o.a.j.t.JMeterThread: Thread started: Thread Group 1-71
2024-06-05 22:46:18,139 INFO o.a.j.t.JMeterThread: Thread is done: Thread Group 1-54
2024-06-05 22:46:18,140 INFO o.a.j.t.JMeterThread: Thread finished: Thread Group 1-54
2024-06-05 22:46:18,145 INFO o.a.j.t.JMeterThread: Thread started: Thread Group 1-72
2024-06-05 22:46:18,148 INFO o.a.j.t.JMeterThread: Thread is done: Thread Group 1-55
2024-06-05 22:46:18,148 INFO o.a.j.t.JMeterThread: Thread finished: Thread Group 1-55
2024-06-05 22:46:18,154 INFO o.a.j.t.JMeterThread: Thread started: Thread Group 1-73
2024-06-05 22:46:18,157 INFO o.a.j.t.JMeterThread: Thread is done: Thread Group 1-56
2024-06-05 22:46:18,157 INFO o.a.j.t.JMeterThread: Thread finished: Thread Group 1-56
2024-06-05 22:46:18,164 INFO o.a.j.t.JMeterThread: Thread started: Thread Group 1-74
2024-06-05 22:46:18,168 INFO o.a.j.t.JMeterThread: Thread is done: Thread Group 1-57
2024-06-05 22:46:18,168 INFO o.a.j.t.JMeterThread: Thread finished: Thread Group 1-57
2024-06-05 22:46:18,174 INFO o.a.j.t.JMeterThread: Thread started: Thread Group 1-75
2024-06-05 22:46:18,185 INFO o.a.j.t.JMeterThread: Thread started: Thread Group 1-76
2024-06-05 22:46:18,191 INFO o.a.j.t.JMeterThread: Thread is done: Thread Group 1-58
2024-06-05 22:46:18,192 INFO o.a.j.t.JMeterThread: Thread finished: Thread Group 1-58
2024-06-05 22:46:18,195 INFO o.a.j.t.JMeterThread: Thread started: Thread Group 1-77
2024-06-05 22:46:18,201 INFO o.a.j.t.JMeterThread: Thread is done: Thread Group 1-61
2024-06-05 22:46:18,201 INFO o.a.j.t.JMeterThread: Thread finished: Thread Group 1-61
2024-06-05 22:46:18,202 INFO o.a.j.t.JMeterThread: Thread is done: Thread Group 1-60
2024-06-05 22:46:18,202 INFO o.a.j.t.JMeterThread: Thread finished: Thread Group 1-60
2024-06-05 22:46:18,204 INFO o.a.j.t.JMeterThread: Thread started: Thread Group 1-78
2024-06-05 22:46:18,210 INFO o.a.j.t.JMeterThread: Thread is done: Thread Group 1-62
2024-06-05 22:46:18,210 INFO o.a.j.t.JMeterThread: Thread finished: Thread Group 1-62
2024-06-05 22:46:18,215 INFO o.a.j.t.JMeterThread: Thread started: Thread Group 1-79
2024-06-05 22:46:18,216 INFO o.a.j.t.JMeterThread: Thread is done: Thread Group 1-59
2024-06-05 22:46:18,216 INFO o.a.j.t.JMeterThread: Thread finished: Thread Group 1-59
2024-06-05 22:46:18,219 INFO o.a.j.t.JMeterThread: Thread is done: Thread Group 1-63
2024-06-05 22:46:18,219 INFO o.a.j.t.JMeterThread: Thread finished: Thread Group 1-63
2024-06-05 22:46:18,225 INFO o.a.j.t.JMeterThread: Thread started: Thread Group 1-80
2024-06-05 22:46:18,235 INFO o.a.j.t.JMeterThread: Thread started: Thread Group 1-81
2024-06-05 22:46:18,244 INFO o.a.j.t.JMeterThread: Thread is done: Thread Group 1-64
2024-06-05 22:46:18,244 INFO o.a.j.t.JMeterThread: Thread finished: Thread Group 1-64
2024-06-05 22:46:18,245 INFO o.a.j.t.JMeterThread: Thread started: Thread Group 1-82
2024-06-05 22:46:18,247 INFO o.a.j.t.JMeterThread: Thread is done: Thread Group 1-65
2024-06-05 22:46:18,247 INFO o.a.j.t.JMeterThread: Thread finished: Thread Group 1-65
2024-06-05 22:46:18,252 INFO o.a.j.t.JMeterThread: Thread is done: Thread Group 1-66
2024-06-05 22:46:18,252 INFO o.a.j.t.JMeterThread: Thread finished: Thread Group 1-66
2024-06-05 22:46:18,254 INFO o.a.j.t.JMeterThread: Thread started: Thread Group 1-83
2024-06-05 22:46:18,264 INFO o.a.j.t.JMeterThread: Thread started: Thread Group 1-84
2024-06-05 22:46:18,270 INFO o.a.j.t.JMeterThread: Thread is done: Thread Group 1-67
2024-06-05 22:46:18,270 INFO o.a.j.t.JMeterThread: Thread finished: Thread Group 1-67
2024-06-05 22:46:18,270 INFO o.a.j.t.JMeterThread: Thread is done: Thread Group 1-68
2024-06-05 22:46:18,270 INFO o.a.j.t.JMeterThread: Thread finished: Thread Group 1-68
2024-06-05 22:46:18,274 INFO o.a.j.t.JMeterThread: Thread started: Thread Group 1-85
2024-06-05 22:46:18,284 INFO o.a.j.t.JMeterThread: Thread started: Thread Group 1-86
2024-06-05 22:46:18,292 INFO o.a.j.t.JMeterThread: Thread is done: Thread Group 1-69
2024-06-05 22:46:18,292 INFO o.a.j.t.JMeterThread: Thread finished: Thread Group 1-69
2024-06-05 22:46:18,294 INFO o.a.j.t.JMeterThread: Thread started: Thread Group 1-87
2024-06-05 22:46:18,303 INFO o.a.j.t.JMeterThread: Thread is done: Thread Group 1-70
2024-06-05 22:46:18,303 INFO o.a.j.t.JMeterThread: Thread finished: Thread Group 1-70
2024-06-05 22:46:18,305 INFO o.a.j.t.JMeterThread: Thread started: Thread Group 1-88
2024-06-05 22:46:18,312 INFO o.a.j.t.JMeterThread: Thread is done: Thread Group 1-71
2024-06-05 22:46:18,312 INFO o.a.j.t.JMeterThread: Thread finished: Thread Group 1-71
2024-06-05 22:46:18,315 INFO o.a.j.t.JMeterThread: Thread started: Thread Group 1-89
2024-06-05 22:46:18,317 INFO o.a.j.t.JMeterThread: Thread is done: Thread Group 1-72
2024-06-05 22:46:18,317 INFO o.a.j.t.JMeterThread: Thread finished: Thread Group 1-72
2024-06-05 22:46:18,318 INFO o.a.j.t.JMeterThread: Thread is done: Thread Group 1-73
2024-06-05 22:46:18,318 INFO o.a.j.t.JMeterThread: Thread finished: Thread Group 1-73
2024-06-05 22:46:18,325 INFO o.a.j.t.JMeterThread: Thread started: Thread Group 1-90
2024-06-05 22:46:18,329 INFO o.a.j.t.JMeterThread: Thread is done: Thread Group 1-74
2024-06-05 22:46:18,329 INFO o.a.j.t.JMeterThread: Thread finished: Thread Group 1-74
2024-06-05 22:46:18,334 INFO o.a.j.t.JMeterThread: Thread started: Thread Group 1-91
2024-06-05 22:46:18,345 INFO o.a.j.t.JMeterThread: Thread started: Thread Group 1-92
2024-06-05 22:46:18,352 INFO o.a.j.t.JMeterThread: Thread is done: Thread Group 1-75
2024-06-05 22:46:18,352 INFO o.a.j.t.JMeterThread: Thread finished: Thread Group 1-75
2024-06-05 22:46:18,355 INFO o.a.j.t.JMeterThread: Thread started: Thread Group 1-93
2024-06-05 22:46:18,359 INFO o.a.j.t.JMeterThread: Thread is done: Thread Group 1-77
2024-06-05 22:46:18,359 INFO o.a.j.t.JMeterThread: Thread finished: Thread Group 1-77
2024-06-05 22:46:18,362 INFO o.a.j.t.JMeterThread: Thread is done: Thread Group 1-76
2024-06-05 22:46:18,362 INFO o.a.j.t.JMeterThread: Thread finished: Thread Group 1-76
2024-06-05 22:46:18,364 INFO o.a.j.t.JMeterThread: Thread started: Thread Group 1-94
2024-06-05 22:46:18,374 INFO o.a.j.t.JMeterThread: Thread started: Thread Group 1-95
2024-06-05 22:46:18,376 INFO o.a.j.t.JMeterThread: Thread is done: Thread Group 1-78
2024-06-05 22:46:18,376 INFO o.a.j.t.JMeterThread: Thread finished: Thread Group 1-78
2024-06-05 22:46:18,384 INFO o.a.j.t.JMeterThread: Thread is done: Thread Group 1-79
2024-06-05 22:46:18,384 INFO o.a.j.t.JMeterThread: Thread finished: Thread Group 1-79
2024-06-05 22:46:18,384 INFO o.a.j.t.JMeterThread: Thread started: Thread Group 1-96
2024-06-05 22:46:18,394 INFO o.a.j.t.JMeterThread: Thread started: Thread Group 1-97
2024-06-05 22:46:18,400 INFO o.a.j.t.JMeterThread: Thread is done: Thread Group 1-80
2024-06-05 22:46:18,400 INFO o.a.j.t.JMeterThread: Thread finished: Thread Group 1-80
2024-06-05 22:46:18,404 INFO o.a.j.t.JMeterThread: Thread started: Thread Group 1-98
2024-06-05 22:46:18,412 INFO o.a.j.t.JMeterThread: Thread is done: Thread Group 1-81
2024-06-05 22:46:18,413 INFO o.a.j.t.JMeterThread: Thread finished: Thread Group 1-81
2024-06-05 22:46:18,413 INFO o.a.j.t.JMeterThread: Thread is done: Thread Group 1-82
2024-06-05 22:46:18,413 INFO o.a.j.t.JMeterThread: Thread finished: Thread Group 1-82
2024-06-05 22:46:18,415 INFO o.a.j.t.JMeterThread: Thread started: Thread Group 1-99
2024-06-05 22:46:18,420 INFO o.a.j.t.JMeterThread: Thread is done: Thread Group 1-83
2024-06-05 22:46:18,420 INFO o.a.j.t.JMeterThread: Thread finished: Thread Group 1-83
2024-06-05 22:46:18,425 INFO o.a.j.t.JMeterThread: Thread started: Thread Group 1-100
2024-06-05 22:46:18,440 INFO o.a.j.t.JMeterThread: Thread is done: Thread Group 1-85
2024-06-05 22:46:18,440 INFO o.a.j.t.JMeterThread: Thread finished: Thread Group 1-85
2024-06-05 22:46:18,440 INFO o.a.j.t.JMeterThread: Thread is done: Thread Group 1-84
2024-06-05 22:46:18,440 INFO o.a.j.t.JMeterThread: Thread finished: Thread Group 1-84
2024-06-05 22:46:18,451 INFO o.a.j.t.JMeterThread: Thread is done: Thread Group 1-86
2024-06-05 22:46:18,452 INFO o.a.j.t.JMeterThread: Thread finished: Thread Group 1-86
2024-06-05 22:46:18,461 INFO o.a.j.t.JMeterThread: Thread is done: Thread Group 1-87
2024-06-05 22:46:18,461 INFO o.a.j.t.JMeterThread: Thread finished: Thread Group 1-87
2024-06-05 22:46:18,485 INFO o.a.j.t.JMeterThread: Thread is done: Thread Group 1-88
2024-06-05 22:46:18,485 INFO o.a.j.t.JMeterThread: Thread finished: Thread Group 1-88
2024-06-05 22:46:18,490 INFO o.a.j.t.JMeterThread: Thread is done: Thread Group 1-89
2024-06-05 22:46:18,490 INFO o.a.j.t.JMeterThread: Thread finished: Thread Group 1-89
2024-06-05 22:46:18,499 INFO o.a.j.t.JMeterThread: Thread is done: Thread Group 1-91
2024-06-05 22:46:18,499 INFO o.a.j.t.JMeterThread: Thread finished: Thread Group 1-91
2024-06-05 22:46:18,501 INFO o.a.j.t.JMeterThread: Thread is done: Thread Group 1-90
2024-06-05 22:46:18,501 INFO o.a.j.t.JMeterThread: Thread finished: Thread Group 1-90
2024-06-05 22:46:18,521 INFO o.a.j.t.JMeterThread: Thread is done: Thread Group 1-92
2024-06-05 22:46:18,521 INFO o.a.j.t.JMeterThread: Thread finished: Thread Group 1-92
2024-06-05 22:46:18,530 INFO o.a.j.t.JMeterThread: Thread is done: Thread Group 1-94
2024-06-05 22:46:18,530 INFO o.a.j.t.JMeterThread: Thread finished: Thread Group 1-94
2024-06-05 22:46:18,533 INFO o.a.j.t.JMeterThread: Thread is done: Thread Group 1-93
2024-06-05 22:46:18,533 INFO o.a.j.t.JMeterThread: Thread finished: Thread Group 1-93
2024-06-05 22:46:18,540 INFO o.a.j.t.JMeterThread: Thread is done: Thread Group 1-95
2024-06-05 22:46:18,540 INFO o.a.j.t.JMeterThread: Thread finished: Thread Group 1-95
2024-06-05 22:46:18,562 INFO o.a.j.t.JMeterThread: Thread is done: Thread Group 1-96
2024-06-05 22:46:18,562 INFO o.a.j.t.JMeterThread: Thread finished: Thread Group 1-96
2024-06-05 22:46:18,567 INFO o.a.j.t.JMeterThread: Thread is done: Thread Group 1-97
2024-06-05 22:46:18,568 INFO o.a.j.t.JMeterThread: Thread finished: Thread Group 1-97
2024-06-05 22:46:18,574 INFO o.a.j.t.JMeterThread: Thread is done: Thread Group 1-98
2024-06-05 22:46:18,574 INFO o.a.j.t.JMeterThread: Thread finished: Thread Group 1-98
2024-06-05 22:46:18,590 INFO o.a.j.t.JMeterThread: Thread is done: Thread Group 1-99
2024-06-05 22:46:18,590 INFO o.a.j.t.JMeterThread: Thread finished: Thread Group 1-99
2024-06-05 22:46:18,592 INFO o.a.j.t.JMeterThread: Thread is done: Thread Group 1-100
2024-06-05 22:46:18,593 INFO o.a.j.t.JMeterThread: Thread finished: Thread Group 1-100
2024-06-05 22:46:18,593 INFO o.a.j.e.StandardJMeterEngine: Notifying test listeners of end of test
2024-06-05 22:46:18,594 INFO o.a.j.r.Summariser: summary =    100 in 00:00:01 =   85.1/s Avg:   171 Min:   151 Max:   200 Err:     0 (0.00%)
