1737506337.330417 client started (23637): version 3.5a, socket /data/data/com.termux/files/usr/var/run/tmux-10324/default, protocol 8
1737506337.330467 on Linux 5.15.153-android14-11-g1ea07643b6ac-ab12324537 #1 SMP PREEMPT Mon Sep 2 13:20:57 UTC 2024
1737506337.330476 using libevent 2.1.12-stable poll
1737506337.330480 using ncurses 6.5 20240831
1737506337.330501 flags are 0x10010000
1737506337.330509 socket is /data/data/com.termux/files/usr/var/run/tmux-10324/default
1737506337.330557 trying connect
1737506337.331001 add peer 0xb400007f8dd68f10: 6 (0x0)
1737506337.331654 sending message 111 to peer 0xb400007f8dd68f10 (8 bytes)
1737506337.331673 sending message 111 to peer 0xb400007f8dd68f10 (8 bytes)
1737506337.331679 sending message 101 to peer 0xb400007f8dd68f10 (16 bytes)
1737506337.331683 sending message 109 to peer 0xb400007f8dd68f10 (4 bytes)
1737506337.331686 sending message 102 to peer 0xb400007f8dd68f10 (11 bytes)
1737506337.331690 sending message 108 to peer 0xb400007f8dd68f10 (42 bytes)
1737506337.331693 sending message 112 to peer 0xb400007f8dd68f10 (70 bytes)
1737506337.331696 sending message 112 to peer 0xb400007f8dd68f10 (5 bytes)
1737506337.331699 sending message 112 to peer 0xb400007f8dd68f10 (5 bytes)
1737506337.331702 sending message 112 to peer 0xb400007f8dd68f10 (6 bytes)
1737506337.331705 sending message 112 to peer 0xb400007f8dd68f10 (6 bytes)
1737506337.331708 sending message 112 to peer 0xb400007f8dd68f10 (11 bytes)
1737506337.331711 sending message 112 to peer 0xb400007f8dd68f10 (10 bytes)
1737506337.331714 sending message 112 to peer 0xb400007f8dd68f10 (13 bytes)
1737506337.331717 sending message 112 to peer 0xb400007f8dd68f10 (13 bytes)
1737506337.331720 sending message 112 to peer 0xb400007f8dd68f10 (18 bytes)
1737506337.331723 sending message 112 to peer 0xb400007f8dd68f10 (11 bytes)
1737506337.331726 sending message 112 to peer 0xb400007f8dd68f10 (21 bytes)
1737506337.331729 sending message 112 to peer 0xb400007f8dd68f10 (13 bytes)
1737506337.331732 sending message 112 to peer 0xb400007f8dd68f10 (7 bytes)
1737506337.331735 sending message 112 to peer 0xb400007f8dd68f10 (13 bytes)
1737506337.331738 sending message 112 to peer 0xb400007f8dd68f10 (7 bytes)
1737506337.331741 sending message 112 to peer 0xb400007f8dd68f10 (13 bytes)
1737506337.331744 sending message 112 to peer 0xb400007f8dd68f10 (9 bytes)
1737506337.331747 sending message 112 to peer 0xb400007f8dd68f10 (21 bytes)
1737506337.331750 sending message 112 to peer 0xb400007f8dd68f10 (13 bytes)
1737506337.331753 sending message 112 to peer 0xb400007f8dd68f10 (8 bytes)
1737506337.331756 sending message 112 to peer 0xb400007f8dd68f10 (12 bytes)
1737506337.331759 sending message 112 to peer 0xb400007f8dd68f10 (13 bytes)
1737506337.331761 sending message 112 to peer 0xb400007f8dd68f10 (9 bytes)
1737506337.331764 sending message 112 to peer 0xb400007f8dd68f10 (9 bytes)
1737506337.331767 sending message 112 to peer 0xb400007f8dd68f10 (12 bytes)
1737506337.331770 sending message 112 to peer 0xb400007f8dd68f10 (8 bytes)
1737506337.331773 sending message 112 to peer 0xb400007f8dd68f10 (7 bytes)
1737506337.331776 sending message 112 to peer 0xb400007f8dd68f10 (7 bytes)
1737506337.331779 sending message 112 to peer 0xb400007f8dd68f10 (9 bytes)
1737506337.331782 sending message 112 to peer 0xb400007f8dd68f10 (13 bytes)
1737506337.331785 sending message 112 to peer 0xb400007f8dd68f10 (9 bytes)
1737506337.331788 sending message 112 to peer 0xb400007f8dd68f10 (15 bytes)
1737506337.331791 sending message 112 to peer 0xb400007f8dd68f10 (13 bytes)
1737506337.331794 sending message 112 to peer 0xb400007f8dd68f10 (12 bytes)
1737506337.331798 sending message 112 to peer 0xb400007f8dd68f10 (8 bytes)
1737506337.331800 sending message 112 to peer 0xb400007f8dd68f10 (14 bytes)
1737506337.331803 sending message 112 to peer 0xb400007f8dd68f10 (9 bytes)
1737506337.331806 sending message 112 to peer 0xb400007f8dd68f10 (10 bytes)
1737506337.331809 sending message 112 to peer 0xb400007f8dd68f10 (10 bytes)
1737506337.331812 sending message 112 to peer 0xb400007f8dd68f10 (10 bytes)
1737506337.331831 sending message 112 to peer 0xb400007f8dd68f10 (10 bytes)
1737506337.331834 sending message 112 to peer 0xb400007f8dd68f10 (11 bytes)
1737506337.331838 sending message 112 to peer 0xb400007f8dd68f10 (10 bytes)
1737506337.331841 sending message 112 to peer 0xb400007f8dd68f10 (8 bytes)
1737506337.331844 sending message 112 to peer 0xb400007f8dd68f10 (11 bytes)
1737506337.331848 sending message 112 to peer 0xb400007f8dd68f10 (11 bytes)
1737506337.331851 sending message 112 to peer 0xb400007f8dd68f10 (11 bytes)
1737506337.331854 sending message 112 to peer 0xb400007f8dd68f10 (8 bytes)
1737506337.331857 sending message 112 to peer 0xb400007f8dd68f10 (8 bytes)
1737506337.331860 sending message 112 to peer 0xb400007f8dd68f10 (8 bytes)
1737506337.331863 sending message 112 to peer 0xb400007f8dd68f10 (10 bytes)
1737506337.331866 sending message 112 to peer 0xb400007f8dd68f10 (10 bytes)
1737506337.331869 sending message 112 to peer 0xb400007f8dd68f10 (10 bytes)
1737506337.331873 sending message 112 to peer 0xb400007f8dd68f10 (10 bytes)
1737506337.331875 sending message 112 to peer 0xb400007f8dd68f10 (10 bytes)
1737506337.331879 sending message 112 to peer 0xb400007f8dd68f10 (11 bytes)
1737506337.331881 sending message 112 to peer 0xb400007f8dd68f10 (11 bytes)
1737506337.331884 sending message 112 to peer 0xb400007f8dd68f10 (10 bytes)
1737506337.331887 sending message 112 to peer 0xb400007f8dd68f10 (9 bytes)
1737506337.331890 sending message 112 to peer 0xb400007f8dd68f10 (9 bytes)
1737506337.331893 sending message 112 to peer 0xb400007f8dd68f10 (12 bytes)
1737506337.331896 sending message 112 to peer 0xb400007f8dd68f10 (9 bytes)
1737506337.331899 sending message 112 to peer 0xb400007f8dd68f10 (6 bytes)
1737506337.331902 sending message 112 to peer 0xb400007f8dd68f10 (13 bytes)
1737506337.331905 sending message 112 to peer 0xb400007f8dd68f10 (8 bytes)
1737506337.331912 sending message 112 to peer 0xb400007f8dd68f10 (15 bytes)
1737506337.331915 sending message 112 to peer 0xb400007f8dd68f10 (13 bytes)
1737506337.331918 sending message 112 to peer 0xb400007f8dd68f10 (70 bytes)
1737506337.331921 sending message 112 to peer 0xb400007f8dd68f10 (69 bytes)
1737506337.331924 sending message 112 to peer 0xb400007f8dd68f10 (10 bytes)
1737506337.331927 sending message 112 to peer 0xb400007f8dd68f10 (8 bytes)
1737506337.331930 sending message 112 to peer 0xb400007f8dd68f10 (15 bytes)
1737506337.331933 sending message 112 to peer 0xb400007f8dd68f10 (13 bytes)
1737506337.331936 sending message 112 to peer 0xb400007f8dd68f10 (10 bytes)
1737506337.331939 sending message 112 to peer 0xb400007f8dd68f10 (10 bytes)
1737506337.331942 sending message 112 to peer 0xb400007f8dd68f10 (5 bytes)
1737506337.331945 sending message 112 to peer 0xb400007f8dd68f10 (15 bytes)
1737506337.331950 sending message 104 to peer 0xb400007f8dd68f10 (0 bytes)
1737506337.331954 sending message 110 to peer 0xb400007f8dd68f10 (0 bytes)
1737506337.331957 sending message 107 to peer 0xb400007f8dd68f10 (4 bytes)
1737506337.331960 sending message 105 to peer 0xb400007f8dd68f10 (47 bytes)
1737506337.331963 sending message 105 to peer 0xb400007f8dd68f10 (20 bytes)
1737506337.331967 sending message 105 to peer 0xb400007f8dd68f10 (23 bytes)
1737506337.331970 sending message 105 to peer 0xb400007f8dd68f10 (26 bytes)
1737506337.331972 sending message 105 to peer 0xb400007f8dd68f10 (72 bytes)
1737506337.331976 sending message 105 to peer 0xb400007f8dd68f10 (39 bytes)
1737506337.331979 sending message 105 to peer 0xb400007f8dd68f10 (46 bytes)
1737506337.331982 sending message 105 to peer 0xb400007f8dd68f10 (37 bytes)
1737506337.331985 sending message 105 to peer 0xb400007f8dd68f10 (830 bytes)
1737506337.331988 sending message 105 to peer 0xb400007f8dd68f10 (25 bytes)
1737506337.331991 sending message 105 to peer 0xb400007f8dd68f10 (65 bytes)
1737506337.331994 sending message 105 to peer 0xb400007f8dd68f10 (38 bytes)
1737506337.331998 sending message 105 to peer 0xb400007f8dd68f10 (17 bytes)
1737506337.332001 sending message 105 to peer 0xb400007f8dd68f10 (52 bytes)
1737506337.332012 sending message 105 to peer 0xb400007f8dd68f10 (534 bytes)
1737506337.332016 sending message 105 to peer 0xb400007f8dd68f10 (43 bytes)
1737506337.332019 sending message 105 to peer 0xb400007f8dd68f10 (19 bytes)
1737506337.332022 sending message 105 to peer 0xb400007f8dd68f10 (25 bytes)
1737506337.332025 sending message 105 to peer 0xb400007f8dd68f10 (21 bytes)
1737506337.332028 sending message 105 to peer 0xb400007f8dd68f10 (13 bytes)
1737506337.332031 sending message 105 to peer 0xb400007f8dd68f10 (26 bytes)
1737506337.332034 sending message 105 to peer 0xb400007f8dd68f10 (68 bytes)
1737506337.332037 sending message 105 to peer 0xb400007f8dd68f10 (41 bytes)
1737506337.332040 sending message 105 to peer 0xb400007f8dd68f10 (8 bytes)
1737506337.332043 sending message 105 to peer 0xb400007f8dd68f10 (21 bytes)
1737506337.332046 sending message 105 to peer 0xb400007f8dd68f10 (2252 bytes)
1737506337.332050 sending message 105 to peer 0xb400007f8dd68f10 (45 bytes)
1737506337.332053 sending message 105 to peer 0xb400007f8dd68f10 (40 bytes)
1737506337.332056 sending message 105 to peer 0xb400007f8dd68f10 (185 bytes)
1737506337.332059 sending message 105 to peer 0xb400007f8dd68f10 (39 bytes)
1737506337.332062 sending message 105 to peer 0xb400007f8dd68f10 (27 bytes)
1737506337.332065 sending message 105 to peer 0xb400007f8dd68f10 (54 bytes)
1737506337.332068 sending message 105 to peer 0xb400007f8dd68f10 (18 bytes)
1737506337.332071 sending message 105 to peer 0xb400007f8dd68f10 (43 bytes)
1737506337.332074 sending message 106 to peer 0xb400007f8dd68f10 (0 bytes)
1737506337.333873 sending message 200 to peer 0xb400007f8dd68f10 (4 bytes)
1737506337.333891 client loop enter
1737506337.334711 peer 0xb400007f8dd68f10 message 303
1737506337.334735 open write file 2 -
1737506337.334751 sending message 305 to peer 0xb400007f8dd68f10 (8 bytes)
1737506337.334774 write check file 2
1737506337.335178 peer 0xb400007f8dd68f10 message 304
1737506337.335195 write 58 to file 2
1737506337.335204 peer 0xb400007f8dd68f10 message 203
1737506337.335211 file 2 58 bytes left
1737506337.335281 write check file 2
1737506337.335289 client loop exit
