1737506325.759976 client started (23614): version 3.5a, socket /data/data/com.termux/files/usr/var/run/tmux-10324/default, protocol 8
1737506325.760006 on Linux 5.15.153-android14-11-g1ea07643b6ac-ab12324537 #1 SMP PREEMPT Mon Sep 2 13:20:57 UTC 2024
1737506325.760012 using libevent 2.1.12-stable poll
1737506325.760014 using ncurses 6.5 20240831
1737506325.760028 flags are 0x18010000
1737506325.760039 socket is /data/data/com.termux/files/usr/var/run/tmux-10324/default
1737506325.760102 trying connect
1737506325.760414 connect failed: Connection refused
1737506325.760428 lock file is /data/data/com.termux/files/usr/var/run/tmux-10324/default.lock
1737506325.760486 flock succeeded
1737506325.760487 got lock (6)
1737506325.760495 trying connect
1737506325.760501 connect failed: Connection refused
1737506325.761054 add peer 0xb40000707f6b8f10: 7 (0x0)
1737506325.761610 sending message 111 to peer 0xb40000707f6b8f10 (8 bytes)
1737506325.761619 sending message 111 to peer 0xb40000707f6b8f10 (8 bytes)
1737506325.761622 sending message 101 to peer 0xb40000707f6b8f10 (15 bytes)
1737506325.761624 sending message 109 to peer 0xb40000707f6b8f10 (4 bytes)
1737506325.761626 sending message 102 to peer 0xb40000707f6b8f10 (11 bytes)
1737506325.761627 sending message 108 to peer 0xb40000707f6b8f10 (42 bytes)
1737506325.761629 sending message 112 to peer 0xb40000707f6b8f10 (58 bytes)
1737506325.761630 sending message 112 to peer 0xb40000707f6b8f10 (5 bytes)
1737506325.761632 sending message 112 to peer 0xb40000707f6b8f10 (5 bytes)
1737506325.761633 sending message 112 to peer 0xb40000707f6b8f10 (6 bytes)
1737506325.761634 sending message 112 to peer 0xb40000707f6b8f10 (6 bytes)
1737506325.761636 sending message 112 to peer 0xb40000707f6b8f10 (11 bytes)
1737506325.761637 sending message 112 to peer 0xb40000707f6b8f10 (10 bytes)
1737506325.761639 sending message 112 to peer 0xb40000707f6b8f10 (13 bytes)
1737506325.761640 sending message 112 to peer 0xb40000707f6b8f10 (14 bytes)
1737506325.761641 sending message 112 to peer 0xb40000707f6b8f10 (19 bytes)
1737506325.761643 sending message 112 to peer 0xb40000707f6b8f10 (11 bytes)
1737506325.761644 sending message 112 to peer 0xb40000707f6b8f10 (10 bytes)
1737506325.761646 sending message 112 to peer 0xb40000707f6b8f10 (15 bytes)
1737506325.761647 sending message 112 to peer 0xb40000707f6b8f10 (21 bytes)
1737506325.761648 sending message 112 to peer 0xb40000707f6b8f10 (13 bytes)
1737506325.761650 sending message 112 to peer 0xb40000707f6b8f10 (7 bytes)
1737506325.761651 sending message 112 to peer 0xb40000707f6b8f10 (13 bytes)
1737506325.761652 sending message 112 to peer 0xb40000707f6b8f10 (7 bytes)
1737506325.761654 sending message 112 to peer 0xb40000707f6b8f10 (13 bytes)
1737506325.761655 sending message 112 to peer 0xb40000707f6b8f10 (9 bytes)
1737506325.761657 sending message 112 to peer 0xb40000707f6b8f10 (21 bytes)
1737506325.761658 sending message 112 to peer 0xb40000707f6b8f10 (13 bytes)
1737506325.761659 sending message 112 to peer 0xb40000707f6b8f10 (9 bytes)
1737506325.761661 sending message 112 to peer 0xb40000707f6b8f10 (16 bytes)
1737506325.761662 sending message 112 to peer 0xb40000707f6b8f10 (13 bytes)
1737506325.761663 sending message 112 to peer 0xb40000707f6b8f10 (9 bytes)
1737506325.761665 sending message 112 to peer 0xb40000707f6b8f10 (9 bytes)
1737506325.761666 sending message 112 to peer 0xb40000707f6b8f10 (12 bytes)
1737506325.761667 sending message 112 to peer 0xb40000707f6b8f10 (8 bytes)
1737506325.761669 sending message 112 to peer 0xb40000707f6b8f10 (8 bytes)
1737506325.761670 sending message 112 to peer 0xb40000707f6b8f10 (13 bytes)
1737506325.761671 sending message 112 to peer 0xb40000707f6b8f10 (7 bytes)
1737506325.761673 sending message 112 to peer 0xb40000707f6b8f10 (7 bytes)
1737506325.761674 sending message 112 to peer 0xb40000707f6b8f10 (9 bytes)
1737506325.761676 sending message 112 to peer 0xb40000707f6b8f10 (9 bytes)
1737506325.761677 sending message 112 to peer 0xb40000707f6b8f10 (15 bytes)
1737506325.761678 sending message 112 to peer 0xb40000707f6b8f10 (13 bytes)
1737506325.761688 sending message 112 to peer 0xb40000707f6b8f10 (12 bytes)
1737506325.761689 sending message 112 to peer 0xb40000707f6b8f10 (8 bytes)
1737506325.761691 sending message 112 to peer 0xb40000707f6b8f10 (14 bytes)
1737506325.761692 sending message 112 to peer 0xb40000707f6b8f10 (11 bytes)
1737506325.761697 sending message 112 to peer 0xb40000707f6b8f10 (9 bytes)
1737506325.761699 sending message 112 to peer 0xb40000707f6b8f10 (10 bytes)
1737506325.761700 sending message 112 to peer 0xb40000707f6b8f10 (10 bytes)
1737506325.761701 sending message 112 to peer 0xb40000707f6b8f10 (10 bytes)
1737506325.761703 sending message 112 to peer 0xb40000707f6b8f10 (10 bytes)
1737506325.761706 sending message 112 to peer 0xb40000707f6b8f10 (11 bytes)
1737506325.761707 sending message 112 to peer 0xb40000707f6b8f10 (12 bytes)
1737506325.761709 sending message 112 to peer 0xb40000707f6b8f10 (12 bytes)
1737506325.761710 sending message 112 to peer 0xb40000707f6b8f10 (12 bytes)
1737506325.761712 sending message 112 to peer 0xb40000707f6b8f10 (12 bytes)
1737506325.761713 sending message 112 to peer 0xb40000707f6b8f10 (12 bytes)
1737506325.761714 sending message 112 to peer 0xb40000707f6b8f10 (11 bytes)
1737506325.761716 sending message 112 to peer 0xb40000707f6b8f10 (11 bytes)
1737506325.761717 sending message 112 to peer 0xb40000707f6b8f10 (12 bytes)
1737506325.761718 sending message 112 to peer 0xb40000707f6b8f10 (12 bytes)
1737506325.761720 sending message 112 to peer 0xb40000707f6b8f10 (12 bytes)
1737506325.761721 sending message 112 to peer 0xb40000707f6b8f10 (12 bytes)
1737506325.761722 sending message 112 to peer 0xb40000707f6b8f10 (12 bytes)
1737506325.761724 sending message 112 to peer 0xb40000707f6b8f10 (9 bytes)
1737506325.761725 sending message 112 to peer 0xb40000707f6b8f10 (12 bytes)
1737506325.761727 sending message 112 to peer 0xb40000707f6b8f10 (13 bytes)
1737506325.761728 sending message 112 to peer 0xb40000707f6b8f10 (13 bytes)
1737506325.761729 sending message 112 to peer 0xb40000707f6b8f10 (13 bytes)
1737506325.761731 sending message 112 to peer 0xb40000707f6b8f10 (13 bytes)
1737506325.761732 sending message 112 to peer 0xb40000707f6b8f10 (13 bytes)
1737506325.761733 sending message 112 to peer 0xb40000707f6b8f10 (8 bytes)
1737506325.761735 sending message 112 to peer 0xb40000707f6b8f10 (11 bytes)
1737506325.761736 sending message 112 to peer 0xb40000707f6b8f10 (11 bytes)
1737506325.761737 sending message 112 to peer 0xb40000707f6b8f10 (11 bytes)
1737506325.761739 sending message 112 to peer 0xb40000707f6b8f10 (12 bytes)
1737506325.761740 sending message 112 to peer 0xb40000707f6b8f10 (12 bytes)
1737506325.761741 sending message 112 to peer 0xb40000707f6b8f10 (12 bytes)
1737506325.761743 sending message 112 to peer 0xb40000707f6b8f10 (12 bytes)
1737506325.761744 sending message 112 to peer 0xb40000707f6b8f10 (13 bytes)
1737506325.761746 sending message 112 to peer 0xb40000707f6b8f10 (13 bytes)
1737506325.761747 sending message 112 to peer 0xb40000707f6b8f10 (13 bytes)
1737506325.761748 sending message 112 to peer 0xb40000707f6b8f10 (8 bytes)
1737506325.761750 sending message 112 to peer 0xb40000707f6b8f10 (13 bytes)
1737506325.761751 sending message 112 to peer 0xb40000707f6b8f10 (13 bytes)
1737506325.761752 sending message 112 to peer 0xb40000707f6b8f10 (13 bytes)
1737506325.761754 sending message 112 to peer 0xb40000707f6b8f10 (13 bytes)
1737506325.761755 sending message 112 to peer 0xb40000707f6b8f10 (13 bytes)
1737506325.761756 sending message 112 to peer 0xb40000707f6b8f10 (12 bytes)
1737506325.761758 sending message 112 to peer 0xb40000707f6b8f10 (12 bytes)
1737506325.761759 sending message 112 to peer 0xb40000707f6b8f10 (12 bytes)
1737506325.761760 sending message 112 to peer 0xb40000707f6b8f10 (12 bytes)
1737506325.761762 sending message 112 to peer 0xb40000707f6b8f10 (13 bytes)
1737506325.761763 sending message 112 to peer 0xb40000707f6b8f10 (8 bytes)
1737506325.761764 sending message 112 to peer 0xb40000707f6b8f10 (13 bytes)
1737506325.761766 sending message 112 to peer 0xb40000707f6b8f10 (13 bytes)
1737506325.761770 sending message 112 to peer 0xb40000707f6b8f10 (13 bytes)
1737506325.761771 sending message 112 to peer 0xb40000707f6b8f10 (13 bytes)
1737506325.761772 sending message 112 to peer 0xb40000707f6b8f10 (13 bytes)
1737506325.761774 sending message 112 to peer 0xb40000707f6b8f10 (13 bytes)
1737506325.761775 sending message 112 to peer 0xb40000707f6b8f10 (13 bytes)
1737506325.761776 sending message 112 to peer 0xb40000707f6b8f10 (12 bytes)
1737506325.761778 sending message 112 to peer 0xb40000707f6b8f10 (12 bytes)
1737506325.761779 sending message 112 to peer 0xb40000707f6b8f10 (12 bytes)
1737506325.761781 sending message 112 to peer 0xb40000707f6b8f10 (8 bytes)
1737506325.761782 sending message 112 to peer 0xb40000707f6b8f10 (12 bytes)
1737506325.761783 sending message 112 to peer 0xb40000707f6b8f10 (13 bytes)
1737506325.761785 sending message 112 to peer 0xb40000707f6b8f10 (13 bytes)
1737506325.761786 sending message 112 to peer 0xb40000707f6b8f10 (13 bytes)
1737506325.761788 sending message 112 to peer 0xb40000707f6b8f10 (13 bytes)
1737506325.761789 sending message 112 to peer 0xb40000707f6b8f10 (13 bytes)
1737506325.761790 sending message 112 to peer 0xb40000707f6b8f10 (13 bytes)
1737506325.761792 sending message 112 to peer 0xb40000707f6b8f10 (13 bytes)
1737506325.761793 sending message 112 to peer 0xb40000707f6b8f10 (13 bytes)
1737506325.761794 sending message 112 to peer 0xb40000707f6b8f10 (12 bytes)
1737506325.761796 sending message 112 to peer 0xb40000707f6b8f10 (10 bytes)
1737506325.761797 sending message 112 to peer 0xb40000707f6b8f10 (12 bytes)
1737506325.761801 sending message 112 to peer 0xb40000707f6b8f10 (12 bytes)
1737506325.761802 sending message 112 to peer 0xb40000707f6b8f10 (12 bytes)
1737506325.761803 sending message 112 to peer 0xb40000707f6b8f10 (13 bytes)
1737506325.761805 sending message 112 to peer 0xb40000707f6b8f10 (13 bytes)
1737506325.761806 sending message 112 to peer 0xb40000707f6b8f10 (13 bytes)
1737506325.761808 sending message 112 to peer 0xb40000707f6b8f10 (13 bytes)
1737506325.761809 sending message 112 to peer 0xb40000707f6b8f10 (13 bytes)
1737506325.761810 sending message 112 to peer 0xb40000707f6b8f10 (13 bytes)
1737506325.761812 sending message 112 to peer 0xb40000707f6b8f10 (13 bytes)
1737506325.761813 sending message 112 to peer 0xb40000707f6b8f10 (10 bytes)
1737506325.761814 sending message 112 to peer 0xb40000707f6b8f10 (13 bytes)
1737506325.761816 sending message 112 to peer 0xb40000707f6b8f10 (12 bytes)
1737506325.761817 sending message 112 to peer 0xb40000707f6b8f10 (12 bytes)
1737506325.761819 sending message 112 to peer 0xb40000707f6b8f10 (12 bytes)
1737506325.761820 sending message 112 to peer 0xb40000707f6b8f10 (10 bytes)
1737506325.761821 sending message 112 to peer 0xb40000707f6b8f10 (10 bytes)
1737506325.761823 sending message 112 to peer 0xb40000707f6b8f10 (10 bytes)
1737506325.761824 sending message 112 to peer 0xb40000707f6b8f10 (12 bytes)
1737506325.761825 sending message 112 to peer 0xb40000707f6b8f10 (13 bytes)
1737506325.761827 sending message 112 to peer 0xb40000707f6b8f10 (13 bytes)
1737506325.761828 sending message 112 to peer 0xb40000707f6b8f10 (13 bytes)
1737506325.761829 sending message 112 to peer 0xb40000707f6b8f10 (13 bytes)
1737506325.761831 sending message 112 to peer 0xb40000707f6b8f10 (13 bytes)
1737506325.761832 sending message 112 to peer 0xb40000707f6b8f10 (10 bytes)
1737506325.761833 sending message 112 to peer 0xb40000707f6b8f10 (11 bytes)
1737506325.761835 sending message 112 to peer 0xb40000707f6b8f10 (12 bytes)
1737506325.761836 sending message 112 to peer 0xb40000707f6b8f10 (12 bytes)
1737506325.761837 sending message 112 to peer 0xb40000707f6b8f10 (12 bytes)
1737506325.761839 sending message 112 to peer 0xb40000707f6b8f10 (12 bytes)
1737506325.761840 sending message 112 to peer 0xb40000707f6b8f10 (12 bytes)
1737506325.761841 sending message 112 to peer 0xb40000707f6b8f10 (11 bytes)
1737506325.761843 sending message 112 to peer 0xb40000707f6b8f10 (12 bytes)
1737506325.761844 sending message 112 to peer 0xb40000707f6b8f10 (12 bytes)
1737506325.761851 sending message 112 to peer 0xb40000707f6b8f10 (13 bytes)
1737506325.761852 sending message 112 to peer 0xb40000707f6b8f10 (13 bytes)
1737506325.761854 sending message 112 to peer 0xb40000707f6b8f10 (13 bytes)
1737506325.761855 sending message 112 to peer 0xb40000707f6b8f10 (13 bytes)
1737506325.761857 sending message 112 to peer 0xb40000707f6b8f10 (13 bytes)
1737506325.761858 sending message 112 to peer 0xb40000707f6b8f10 (10 bytes)
1737506325.761860 sending message 112 to peer 0xb40000707f6b8f10 (9 bytes)
1737506325.761861 sending message 112 to peer 0xb40000707f6b8f10 (12 bytes)
1737506325.761862 sending message 112 to peer 0xb40000707f6b8f10 (13 bytes)
1737506325.761902 sending message 112 to peer 0xb40000707f6b8f10 (13 bytes)
1737506325.761904 sending message 112 to peer 0xb40000707f6b8f10 (13 bytes)
1737506325.761905 sending message 112 to peer 0xb40000707f6b8f10 (13 bytes)
1737506325.761907 sending message 112 to peer 0xb40000707f6b8f10 (13 bytes)
1737506325.761908 sending message 112 to peer 0xb40000707f6b8f10 (9 bytes)
1737506325.761910 sending message 112 to peer 0xb40000707f6b8f10 (12 bytes)
1737506325.761911 sending message 112 to peer 0xb40000707f6b8f10 (13 bytes)
1737506325.761912 sending message 112 to peer 0xb40000707f6b8f10 (13 bytes)
1737506325.761914 sending message 112 to peer 0xb40000707f6b8f10 (13 bytes)
1737506325.761915 sending message 112 to peer 0xb40000707f6b8f10 (13 bytes)
1737506325.761916 sending message 112 to peer 0xb40000707f6b8f10 (13 bytes)
1737506325.761918 sending message 112 to peer 0xb40000707f6b8f10 (11 bytes)
1737506325.761919 sending message 112 to peer 0xb40000707f6b8f10 (12 bytes)
1737506325.761920 sending message 112 to peer 0xb40000707f6b8f10 (13 bytes)
1737506325.761922 sending message 112 to peer 0xb40000707f6b8f10 (13 bytes)
1737506325.761923 sending message 112 to peer 0xb40000707f6b8f10 (13 bytes)
1737506325.761924 sending message 112 to peer 0xb40000707f6b8f10 (13 bytes)
1737506325.761926 sending message 112 to peer 0xb40000707f6b8f10 (13 bytes)
1737506325.761927 sending message 112 to peer 0xb40000707f6b8f10 (11 bytes)
1737506325.761928 sending message 112 to peer 0xb40000707f6b8f10 (12 bytes)
1737506325.761930 sending message 112 to peer 0xb40000707f6b8f10 (12 bytes)
1737506325.761931 sending message 112 to peer 0xb40000707f6b8f10 (12 bytes)
1737506325.761932 sending message 112 to peer 0xb40000707f6b8f10 (12 bytes)
1737506325.761934 sending message 112 to peer 0xb40000707f6b8f10 (12 bytes)
1737506325.761935 sending message 112 to peer 0xb40000707f6b8f10 (21 bytes)
1737506325.761936 sending message 112 to peer 0xb40000707f6b8f10 (12 bytes)
1737506325.761938 sending message 112 to peer 0xb40000707f6b8f10 (9 bytes)
1737506325.761939 sending message 112 to peer 0xb40000707f6b8f10 (6 bytes)
1737506325.761941 sending message 112 to peer 0xb40000707f6b8f10 (13 bytes)
1737506325.761942 sending message 112 to peer 0xb40000707f6b8f10 (10 bytes)
1737506325.761943 sending message 112 to peer 0xb40000707f6b8f10 (24 bytes)
1737506325.761945 sending message 112 to peer 0xb40000707f6b8f10 (13 bytes)
1737506325.761946 sending message 112 to peer 0xb40000707f6b8f10 (9 bytes)
1737506325.761947 sending message 112 to peer 0xb40000707f6b8f10 (70 bytes)
1737506325.761949 sending message 112 to peer 0xb40000707f6b8f10 (69 bytes)
1737506325.761950 sending message 112 to peer 0xb40000707f6b8f10 (12 bytes)
1737506325.761952 sending message 112 to peer 0xb40000707f6b8f10 (10 bytes)
1737506325.761953 sending message 112 to peer 0xb40000707f6b8f10 (10 bytes)
1737506325.761954 sending message 112 to peer 0xb40000707f6b8f10 (24 bytes)
1737506325.761956 sending message 112 to peer 0xb40000707f6b8f10 (13 bytes)
1737506325.761957 sending message 112 to peer 0xb40000707f6b8f10 (10 bytes)
1737506325.761958 sending message 112 to peer 0xb40000707f6b8f10 (10 bytes)
1737506325.761960 sending message 112 to peer 0xb40000707f6b8f10 (10 bytes)
1737506325.761961 sending message 112 to peer 0xb40000707f6b8f10 (13 bytes)
1737506325.761962 sending message 112 to peer 0xb40000707f6b8f10 (15 bytes)
1737506325.761967 sending message 112 to peer 0xb40000707f6b8f10 (5 bytes)
1737506325.761970 sending message 104 to peer 0xb40000707f6b8f10 (0 bytes)
1737506325.761971 sending message 110 to peer 0xb40000707f6b8f10 (0 bytes)
1737506325.761973 sending message 107 to peer 0xb40000707f6b8f10 (4 bytes)
1737506325.761978 sending message 105 to peer 0xb40000707f6b8f10 (47 bytes)
1737506325.761979 sending message 105 to peer 0xb40000707f6b8f10 (20 bytes)
1737506325.761981 sending message 105 to peer 0xb40000707f6b8f10 (23 bytes)
1737506325.761982 sending message 105 to peer 0xb40000707f6b8f10 (39 bytes)
1737506325.761983 sending message 105 to peer 0xb40000707f6b8f10 (46 bytes)
1737506325.761985 sending message 105 to peer 0xb40000707f6b8f10 (37 bytes)
1737506325.761986 sending message 105 to peer 0xb40000707f6b8f10 (830 bytes)
1737506325.761988 sending message 105 to peer 0xb40000707f6b8f10 (25 bytes)
1737506325.761989 sending message 105 to peer 0xb40000707f6b8f10 (65 bytes)
1737506325.761991 sending message 105 to peer 0xb40000707f6b8f10 (38 bytes)
1737506325.761992 sending message 105 to peer 0xb40000707f6b8f10 (17 bytes)
1737506325.761993 sending message 105 to peer 0xb40000707f6b8f10 (52 bytes)
1737506325.761995 sending message 105 to peer 0xb40000707f6b8f10 (534 bytes)
1737506325.761996 sending message 105 to peer 0xb40000707f6b8f10 (43 bytes)
1737506325.761998 sending message 105 to peer 0xb40000707f6b8f10 (19 bytes)
1737506325.761999 sending message 105 to peer 0xb40000707f6b8f10 (25 bytes)
1737506325.762000 sending message 105 to peer 0xb40000707f6b8f10 (20 bytes)
1737506325.762001 sending message 105 to peer 0xb40000707f6b8f10 (26 bytes)
1737506325.762003 sending message 105 to peer 0xb40000707f6b8f10 (68 bytes)
1737506325.762004 sending message 105 to peer 0xb40000707f6b8f10 (41 bytes)
1737506325.762006 sending message 105 to peer 0xb40000707f6b8f10 (8 bytes)
1737506325.762009 sending message 105 to peer 0xb40000707f6b8f10 (21 bytes)
1737506325.762011 sending message 105 to peer 0xb40000707f6b8f10 (2252 bytes)
1737506325.762012 sending message 105 to peer 0xb40000707f6b8f10 (45 bytes)
1737506325.762013 sending message 105 to peer 0xb40000707f6b8f10 (40 bytes)
1737506325.762015 sending message 105 to peer 0xb40000707f6b8f10 (185 bytes)
1737506325.762016 sending message 105 to peer 0xb40000707f6b8f10 (39 bytes)
1737506325.762018 sending message 105 to peer 0xb40000707f6b8f10 (27 bytes)
1737506325.762019 sending message 105 to peer 0xb40000707f6b8f10 (43 bytes)
1737506325.762020 sending message 105 to peer 0xb40000707f6b8f10 (54 bytes)
1737506325.762022 sending message 106 to peer 0xb40000707f6b8f10 (0 bytes)
1737506325.762096 sending message 200 to peer 0xb40000707f6b8f10 (4 bytes)
1737506325.762097 client loop enter
1737506325.763468 client_signal: Child exited
1737506325.880885 peer 0xb40000707f6b8f10 message 207
1737506325.880918 sending message 208 to peer 0xb40000707f6b8f10 (0 bytes)
1737506452.911038 client_signal: Window size changed
1737506452.911074 sending message 208 to peer 0xb40000707f6b8f10 (0 bytes)
1737506453.037285 client_signal: Window size changed
1737506453.037328 sending message 208 to peer 0xb40000707f6b8f10 (0 bytes)
1737506489.845881 client_signal: Window size changed
1737506489.845908 sending message 208 to peer 0xb40000707f6b8f10 (0 bytes)
1737506489.963247 client_signal: Window size changed
1737506489.963276 sending message 208 to peer 0xb40000707f6b8f10 (0 bytes)
1737506545.620524 client_signal: Window size changed
1737506545.620572 sending message 208 to peer 0xb40000707f6b8f10 (0 bytes)
1737506545.724334 client_signal: Window size changed
1737506545.724362 sending message 208 to peer 0xb40000707f6b8f10 (0 bytes)
1737507412.483303 client_signal: Window size changed
1737507412.483488 sending message 208 to peer 0xb40000707f6b8f10 (0 bytes)
1737507412.578897 client_signal: Window size changed
1737507412.578931 sending message 208 to peer 0xb40000707f6b8f10 (0 bytes)
1737507452.363312 client_signal: Window size changed
1737507452.363360 sending message 208 to peer 0xb40000707f6b8f10 (0 bytes)
1737507452.468807 client_signal: Window size changed
1737507452.468846 sending message 208 to peer 0xb40000707f6b8f10 (0 bytes)
1737507468.784288 client_signal: Window size changed
1737507468.784345 sending message 208 to peer 0xb40000707f6b8f10 (0 bytes)
1737507468.905222 client_signal: Window size changed
1737507468.905243 sending message 208 to peer 0xb40000707f6b8f10 (0 bytes)
1737507526.910648 peer 0xb40000707f6b8f10 message 203
1737507526.910715 sending message 205 to peer 0xb40000707f6b8f10 (0 bytes)
1737507526.911786 peer 0xb40000707f6b8f10 message 204
1737507526.911816 client loop exit
